{"/home/martin/Github/fullstackopen/part5/bloglist-frontend/src/App.jsx": {"path":"/home/martin/Github/fullstackopen/part5/bloglist-frontend/src/App.jsx","statementMap":{"0":{"start":{"line":10,"column":12},"end":{"line":151,"column":1}},"1":{"start":{"line":11,"column":28},"end":{"line":11,"column":40}},"2":{"start":{"line":12,"column":42},"end":{"line":12,"column":56}},"3":{"start":{"line":13,"column":46},"end":{"line":13,"column":60}},"4":{"start":{"line":14,"column":34},"end":{"line":14,"column":46}},"5":{"start":{"line":15,"column":34},"end":{"line":15,"column":46}},"6":{"start":{"line":16,"column":26},"end":{"line":16,"column":40}},"7":{"start":{"line":17,"column":42},"end":{"line":17,"column":57}},"8":{"start":{"line":18,"column":22},"end":{"line":18,"column":30}},"9":{"start":{"line":20,"column":2},"end":{"line":24,"column":8}},"10":{"start":{"line":21,"column":4},"end":{"line":23,"column":6}},"11":{"start":{"line":22,"column":6},"end":{"line":22,"column":21}},"12":{"start":{"line":26,"column":2},"end":{"line":33,"column":8}},"13":{"start":{"line":27,"column":27},"end":{"line":27,"column":75}},"14":{"start":{"line":28,"column":4},"end":{"line":32,"column":5}},"15":{"start":{"line":29,"column":19},"end":{"line":29,"column":45}},"16":{"start":{"line":30,"column":6},"end":{"line":30,"column":19}},"17":{"start":{"line":31,"column":6},"end":{"line":31,"column":38}},"18":{"start":{"line":35,"column":22},"end":{"line":56,"column":3}},"19":{"start":{"line":36,"column":4},"end":{"line":36,"column":26}},"20":{"start":{"line":38,"column":4},"end":{"line":55,"column":5}},"21":{"start":{"line":39,"column":19},"end":{"line":41,"column":8}},"22":{"start":{"line":42,"column":6},"end":{"line":44,"column":7}},"23":{"start":{"line":45,"column":6},"end":{"line":45,"column":38}},"24":{"start":{"line":46,"column":6},"end":{"line":46,"column":19}},"25":{"start":{"line":47,"column":6},"end":{"line":47,"column":21}},"26":{"start":{"line":48,"column":6},"end":{"line":48,"column":21}},"27":{"start":{"line":50,"column":6},"end":{"line":50,"column":42}},"28":{"start":{"line":51,"column":6},"end":{"line":51,"column":29}},"29":{"start":{"line":52,"column":6},"end":{"line":54,"column":14}},"30":{"start":{"line":53,"column":8},"end":{"line":53,"column":29}},"31":{"start":{"line":58,"column":23},"end":{"line":61,"column":3}},"32":{"start":{"line":59,"column":4},"end":{"line":59,"column":31}},"33":{"start":{"line":60,"column":4},"end":{"line":60,"column":28}},"34":{"start":{"line":63,"column":21},"end":{"line":81,"column":3}},"35":{"start":{"line":64,"column":4},"end":{"line":80,"column":5}},"36":{"start":{"line":65,"column":6},"end":{"line":65,"column":44}},"37":{"start":{"line":66,"column":26},"end":{"line":66,"column":59}},"38":{"start":{"line":67,"column":6},"end":{"line":67,"column":29}},"39":{"start":{"line":68,"column":6},"end":{"line":68,"column":75}},"40":{"start":{"line":69,"column":6},"end":{"line":69,"column":41}},"41":{"start":{"line":70,"column":6},"end":{"line":70,"column":27}},"42":{"start":{"line":71,"column":6},"end":{"line":73,"column":14}},"43":{"start":{"line":72,"column":8},"end":{"line":72,"column":31}},"44":{"start":{"line":75,"column":6},"end":{"line":75,"column":57}},"45":{"start":{"line":76,"column":6},"end":{"line":76,"column":29}},"46":{"start":{"line":77,"column":6},"end":{"line":79,"column":14}},"47":{"start":{"line":78,"column":8},"end":{"line":78,"column":29}},"48":{"start":{"line":83,"column":20},"end":{"line":104,"column":3}},"49":{"start":{"line":84,"column":28},"end":{"line":84,"column":67}},"50":{"start":{"line":85,"column":28},"end":{"line":85,"column":67}},"51":{"start":{"line":87,"column":4},"end":{"line":103,"column":5}},"52":{"start":{"line":90,"column":33},"end":{"line":90,"column":54}},"53":{"start":{"line":96,"column":50},"end":{"line":96,"column":75}},"54":{"start":{"line":97,"column":50},"end":{"line":97,"column":75}},"55":{"start":{"line":100,"column":33},"end":{"line":100,"column":55}},"56":{"start":{"line":106,"column":18},"end":{"line":111,"column":3}},"57":{"start":{"line":107,"column":25},"end":{"line":107,"column":61}},"58":{"start":{"line":107,"column":45},"end":{"line":107,"column":60}},"59":{"start":{"line":108,"column":24},"end":{"line":108,"column":74}},"60":{"start":{"line":109,"column":4},"end":{"line":109,"column":45}},"61":{"start":{"line":110,"column":4},"end":{"line":110,"column":68}},"62":{"start":{"line":110,"column":31},"end":{"line":110,"column":66}},"63":{"start":{"line":113,"column":21},"end":{"line":119,"column":3}},"64":{"start":{"line":114,"column":25},"end":{"line":114,"column":61}},"65":{"start":{"line":114,"column":45},"end":{"line":114,"column":60}},"66":{"start":{"line":115,"column":4},"end":{"line":118,"column":5}},"67":{"start":{"line":116,"column":6},"end":{"line":116,"column":34}},"68":{"start":{"line":117,"column":6},"end":{"line":117,"column":52}},"69":{"start":{"line":117,"column":36},"end":{"line":117,"column":50}},"70":{"start":{"line":121,"column":20},"end":{"line":129,"column":3}},"71":{"start":{"line":122,"column":4},"end":{"line":122,"column":45}},"72":{"start":{"line":122,"column":26},"end":{"line":122,"column":43}},"73":{"start":{"line":124,"column":4},"end":{"line":128,"column":5}},"74":{"start":{"line":126,"column":8},"end":{"line":126,"column":114}},"75":{"start":{"line":126,"column":55},"end":{"line":126,"column":71}},"76":{"start":{"line":126,"column":91},"end":{"line":126,"column":110}},"77":{"start":{"line":132,"column":2},"end":{"line":150,"column":3}}},"fnMap":{"0":{"name":"(anonymous_0)","decl":{"start":{"line":10,"column":12},"end":{"line":10,"column":13}},"loc":{"start":{"line":10,"column":18},"end":{"line":151,"column":1}},"line":10},"1":{"name":"(anonymous_1)","decl":{"start":{"line":20,"column":12},"end":{"line":20,"column":13}},"loc":{"start":{"line":20,"column":18},"end":{"line":24,"column":3}},"line":20},"2":{"name":"(anonymous_2)","decl":{"start":{"line":21,"column":30},"end":{"line":21,"column":31}},"loc":{"start":{"line":21,"column":39},"end":{"line":23,"column":5}},"line":21},"3":{"name":"(anonymous_3)","decl":{"start":{"line":26,"column":12},"end":{"line":26,"column":13}},"loc":{"start":{"line":26,"column":18},"end":{"line":33,"column":3}},"line":26},"4":{"name":"(anonymous_4)","decl":{"start":{"line":35,"column":22},"end":{"line":35,"column":23}},"loc":{"start":{"line":35,"column":39},"end":{"line":56,"column":3}},"line":35},"5":{"name":"(anonymous_5)","decl":{"start":{"line":52,"column":17},"end":{"line":52,"column":18}},"loc":{"start":{"line":52,"column":23},"end":{"line":54,"column":7}},"line":52},"6":{"name":"(anonymous_6)","decl":{"start":{"line":58,"column":23},"end":{"line":58,"column":24}},"loc":{"start":{"line":58,"column":29},"end":{"line":61,"column":3}},"line":58},"7":{"name":"(anonymous_7)","decl":{"start":{"line":63,"column":21},"end":{"line":63,"column":22}},"loc":{"start":{"line":63,"column":40},"end":{"line":81,"column":3}},"line":63},"8":{"name":"(anonymous_8)","decl":{"start":{"line":71,"column":17},"end":{"line":71,"column":18}},"loc":{"start":{"line":71,"column":23},"end":{"line":73,"column":7}},"line":71},"9":{"name":"(anonymous_9)","decl":{"start":{"line":77,"column":17},"end":{"line":77,"column":18}},"loc":{"start":{"line":77,"column":23},"end":{"line":79,"column":7}},"line":77},"10":{"name":"(anonymous_10)","decl":{"start":{"line":83,"column":20},"end":{"line":83,"column":21}},"loc":{"start":{"line":83,"column":26},"end":{"line":104,"column":3}},"line":83},"11":{"name":"(anonymous_11)","decl":{"start":{"line":90,"column":27},"end":{"line":90,"column":28}},"loc":{"start":{"line":90,"column":33},"end":{"line":90,"column":54}},"line":90},"12":{"name":"(anonymous_12)","decl":{"start":{"line":96,"column":34},"end":{"line":96,"column":35}},"loc":{"start":{"line":96,"column":50},"end":{"line":96,"column":75}},"line":96},"13":{"name":"(anonymous_13)","decl":{"start":{"line":97,"column":34},"end":{"line":97,"column":35}},"loc":{"start":{"line":97,"column":50},"end":{"line":97,"column":75}},"line":97},"14":{"name":"(anonymous_14)","decl":{"start":{"line":100,"column":27},"end":{"line":100,"column":28}},"loc":{"start":{"line":100,"column":33},"end":{"line":100,"column":55}},"line":100},"15":{"name":"(anonymous_15)","decl":{"start":{"line":106,"column":18},"end":{"line":106,"column":19}},"loc":{"start":{"line":106,"column":30},"end":{"line":111,"column":3}},"line":106},"16":{"name":"(anonymous_16)","decl":{"start":{"line":107,"column":36},"end":{"line":107,"column":37}},"loc":{"start":{"line":107,"column":45},"end":{"line":107,"column":60}},"line":107},"17":{"name":"(anonymous_17)","decl":{"start":{"line":110,"column":23},"end":{"line":110,"column":24}},"loc":{"start":{"line":110,"column":31},"end":{"line":110,"column":66}},"line":110},"18":{"name":"(anonymous_18)","decl":{"start":{"line":113,"column":21},"end":{"line":113,"column":22}},"loc":{"start":{"line":113,"column":33},"end":{"line":119,"column":3}},"line":113},"19":{"name":"(anonymous_19)","decl":{"start":{"line":114,"column":36},"end":{"line":114,"column":37}},"loc":{"start":{"line":114,"column":45},"end":{"line":114,"column":60}},"line":114},"20":{"name":"(anonymous_20)","decl":{"start":{"line":117,"column":28},"end":{"line":117,"column":29}},"loc":{"start":{"line":117,"column":36},"end":{"line":117,"column":50}},"line":117},"21":{"name":"(anonymous_21)","decl":{"start":{"line":121,"column":20},"end":{"line":121,"column":21}},"loc":{"start":{"line":121,"column":26},"end":{"line":129,"column":3}},"line":121},"22":{"name":"(anonymous_22)","decl":{"start":{"line":122,"column":15},"end":{"line":122,"column":16}},"loc":{"start":{"line":122,"column":26},"end":{"line":122,"column":43}},"line":122},"23":{"name":"(anonymous_23)","decl":{"start":{"line":125,"column":16},"end":{"line":125,"column":17}},"loc":{"start":{"line":126,"column":8},"end":{"line":126,"column":114}},"line":126},"24":{"name":"(anonymous_24)","decl":{"start":{"line":126,"column":49},"end":{"line":126,"column":50}},"loc":{"start":{"line":126,"column":55},"end":{"line":126,"column":71}},"line":126},"25":{"name":"(anonymous_25)","decl":{"start":{"line":126,"column":85},"end":{"line":126,"column":86}},"loc":{"start":{"line":126,"column":91},"end":{"line":126,"column":110}},"line":126}},"branchMap":{"0":{"loc":{"start":{"line":28,"column":4},"end":{"line":32,"column":5}},"type":"if","locations":[{"start":{"line":28,"column":4},"end":{"line":32,"column":5}},{"start":{},"end":{}}],"line":28},"1":{"loc":{"start":{"line":84,"column":39},"end":{"line":84,"column":65}},"type":"cond-expr","locations":[{"start":{"line":84,"column":54},"end":{"line":84,"column":60}},{"start":{"line":84,"column":63},"end":{"line":84,"column":65}}],"line":84},"2":{"loc":{"start":{"line":85,"column":39},"end":{"line":85,"column":65}},"type":"cond-expr","locations":[{"start":{"line":85,"column":54},"end":{"line":85,"column":56}},{"start":{"line":85,"column":59},"end":{"line":85,"column":65}}],"line":85},"3":{"loc":{"start":{"line":110,"column":31},"end":{"line":110,"column":66}},"type":"cond-expr","locations":[{"start":{"line":110,"column":48},"end":{"line":110,"column":59}},{"start":{"line":110,"column":62},"end":{"line":110,"column":66}}],"line":110},"4":{"loc":{"start":{"line":115,"column":4},"end":{"line":118,"column":5}},"type":"if","locations":[{"start":{"line":115,"column":4},"end":{"line":118,"column":5}},{"start":{},"end":{}}],"line":115},"5":{"loc":{"start":{"line":135,"column":7},"end":{"line":136,"column":28}},"type":"binary-expr","locations":[{"start":{"line":135,"column":7},"end":{"line":135,"column":12}},{"start":{"line":135,"column":16},"end":{"line":136,"column":28}}],"line":135},"6":{"loc":{"start":{"line":137,"column":7},"end":{"line":147,"column":12}},"type":"binary-expr","locations":[{"start":{"line":137,"column":7},"end":{"line":137,"column":11}},{"start":{"line":137,"column":15},"end":{"line":147,"column":12}}],"line":137}},"s":{"0":0,"1":0,"2":0,"3":0,"4":0,"5":0,"6":0,"7":0,"8":0,"9":0,"10":0,"11":0,"12":0,"13":0,"14":0,"15":0,"16":0,"17":0,"18":0,"19":0,"20":0,"21":0,"22":0,"23":0,"24":0,"25":0,"26":0,"27":0,"28":0,"29":0,"30":0,"31":0,"32":0,"33":0,"34":0,"35":0,"36":0,"37":0,"38":0,"39":0,"40":0,"41":0,"42":0,"43":0,"44":0,"45":0,"46":0,"47":0,"48":0,"49":0,"50":0,"51":0,"52":0,"53":0,"54":0,"55":0,"56":0,"57":0,"58":0,"59":0,"60":0,"61":0,"62":0,"63":0,"64":0,"65":0,"66":0,"67":0,"68":0,"69":0,"70":0,"71":0,"72":0,"73":0,"74":0,"75":0,"76":0,"77":0},"f":{"0":0,"1":0,"2":0,"3":0,"4":0,"5":0,"6":0,"7":0,"8":0,"9":0,"10":0,"11":0,"12":0,"13":0,"14":0,"15":0,"16":0,"17":0,"18":0,"19":0,"20":0,"21":0,"22":0,"23":0,"24":0,"25":0},"b":{"0":[0,0],"1":[0,0],"2":[0,0],"3":[0,0],"4":[0,0],"5":[0,0],"6":[0,0]}}
,"/home/martin/Github/fullstackopen/part5/bloglist-frontend/src/main.jsx": {"path":"/home/martin/Github/fullstackopen/part5/bloglist-frontend/src/main.jsx","statementMap":{"0":{"start":{"line":4,"column":0},"end":{"line":4,"column":68}}},"fnMap":{},"branchMap":{},"s":{"0":0},"f":{},"b":{}}
}
